CRITICAL - 2020-04-17 00:29:51 --> Call to undefined function url()
#0 C:\xampp\htdocs\medihealth\vendor\codeigniter4\framework\system\View\View.php(236): include()
#1 C:\xampp\htdocs\medihealth\vendor\codeigniter4\framework\system\Common.php(1071): CodeIgniter\View\View->render('component/log/h...', Array, true)
#2 C:\xampp\htdocs\medihealth\app\Views\content\log\register.php(1): view('component/log/h...')
#3 C:\xampp\htdocs\medihealth\vendor\codeigniter4\framework\system\View\View.php(236): include('C:\\xampp\\htdocs...')
#4 C:\xampp\htdocs\medihealth\vendor\codeigniter4\framework\system\Common.php(1071): CodeIgniter\View\View->render('content/log/reg...', Array, true)
#5 C:\xampp\htdocs\medihealth\app\Controllers\Web.php(35): view('content/log/reg...')
#6 C:\xampp\htdocs\medihealth\vendor\codeigniter4\framework\system\CodeIgniter.php(910): App\Controllers\Web->register()
#7 C:\xampp\htdocs\medihealth\vendor\codeigniter4\framework\system\CodeIgniter.php(398): CodeIgniter\CodeIgniter->runController(Object(App\Controllers\Web))
#8 C:\xampp\htdocs\medihealth\vendor\codeigniter4\framework\system\CodeIgniter.php(306): CodeIgniter\CodeIgniter->handleRequest(NULL, Object(Config\Cache), false)
#9 C:\xampp\htdocs\medihealth\public\index.php(45): CodeIgniter\CodeIgniter->run()
#10 C:\xampp\htdocs\medihealth\vendor\codeigniter4\framework\system\Commands\Server\rewrite.php(34): require_once('C:\\xampp\\htdocs...')
#11 {main}
CRITICAL - 2020-04-17 00:30:03 --> pathinfo() expects at least 1 parameter, 0 given
#0 [internal function]: CodeIgniter\Debug\Exceptions->errorHandler(2, 'pathinfo() expe...', 'C:\\xampp\\htdocs...', 32, Array)
#1 C:\xampp\htdocs\medihealth\app\Views\component\log\header.php(32): pathinfo()
#2 C:\xampp\htdocs\medihealth\vendor\codeigniter4\framework\system\View\View.php(236): include('C:\\xampp\\htdocs...')
#3 C:\xampp\htdocs\medihealth\vendor\codeigniter4\framework\system\Common.php(1071): CodeIgniter\View\View->render('component/log/h...', Array, true)
#4 C:\xampp\htdocs\medihealth\app\Views\content\log\register.php(1): view('component/log/h...')
#5 C:\xampp\htdocs\medihealth\vendor\codeigniter4\framework\system\View\View.php(236): include('C:\\xampp\\htdocs...')
#6 C:\xampp\htdocs\medihealth\vendor\codeigniter4\framework\system\Common.php(1071): CodeIgniter\View\View->render('content/log/reg...', Array, true)
#7 C:\xampp\htdocs\medihealth\app\Controllers\Web.php(35): view('content/log/reg...')
#8 C:\xampp\htdocs\medihealth\vendor\codeigniter4\framework\system\CodeIgniter.php(910): App\Controllers\Web->register()
#9 C:\xampp\htdocs\medihealth\vendor\codeigniter4\framework\system\CodeIgniter.php(398): CodeIgniter\CodeIgniter->runController(Object(App\Controllers\Web))
#10 C:\xampp\htdocs\medihealth\vendor\codeigniter4\framework\system\CodeIgniter.php(306): CodeIgniter\CodeIgniter->handleRequest(NULL, Object(Config\Cache), false)
#11 C:\xampp\htdocs\medihealth\public\index.php(45): CodeIgniter\CodeIgniter->run()
#12 C:\xampp\htdocs\medihealth\vendor\codeigniter4\framework\system\Commands\Server\rewrite.php(34): require_once('C:\\xampp\\htdocs...')
#13 {main}
CRITICAL - 2020-04-17 00:30:57 --> Undefined property: CodeIgniter\View\View::$uri
#0 C:\xampp\htdocs\medihealth\app\Views\component\log\header.php(32): CodeIgniter\Debug\Exceptions->errorHandler(8, 'Undefined prope...', 'C:\\xampp\\htdocs...', 32, Array)
#1 C:\xampp\htdocs\medihealth\vendor\codeigniter4\framework\system\View\View.php(236): include('C:\\xampp\\htdocs...')
#2 C:\xampp\htdocs\medihealth\vendor\codeigniter4\framework\system\Common.php(1071): CodeIgniter\View\View->render('component/log/h...', Array, true)
#3 C:\xampp\htdocs\medihealth\app\Views\content\log\register.php(1): view('component/log/h...')
#4 C:\xampp\htdocs\medihealth\vendor\codeigniter4\framework\system\View\View.php(236): include('C:\\xampp\\htdocs...')
#5 C:\xampp\htdocs\medihealth\vendor\codeigniter4\framework\system\Common.php(1071): CodeIgniter\View\View->render('content/log/reg...', Array, true)
#6 C:\xampp\htdocs\medihealth\app\Controllers\Web.php(35): view('content/log/reg...')
#7 C:\xampp\htdocs\medihealth\vendor\codeigniter4\framework\system\CodeIgniter.php(910): App\Controllers\Web->register()
#8 C:\xampp\htdocs\medihealth\vendor\codeigniter4\framework\system\CodeIgniter.php(398): CodeIgniter\CodeIgniter->runController(Object(App\Controllers\Web))
#9 C:\xampp\htdocs\medihealth\vendor\codeigniter4\framework\system\CodeIgniter.php(306): CodeIgniter\CodeIgniter->handleRequest(NULL, Object(Config\Cache), false)
#10 C:\xampp\htdocs\medihealth\public\index.php(45): CodeIgniter\CodeIgniter->run()
#11 C:\xampp\htdocs\medihealth\vendor\codeigniter4\framework\system\Commands\Server\rewrite.php(34): require_once('C:\\xampp\\htdocs...')
#12 {main}
CRITICAL - 2020-04-17 00:31:57 --> include(s): failed to open stream: No such file or directory
#0 C:\xampp\htdocs\medihealth\app\Views\component\log\header.php(32): CodeIgniter\Debug\Exceptions->errorHandler(2, 'include(s): fai...', 'C:\\xampp\\htdocs...', 32, Array)
#1 C:\xampp\htdocs\medihealth\app\Views\component\log\header.php(32): include()
#2 C:\xampp\htdocs\medihealth\vendor\codeigniter4\framework\system\View\View.php(236): include('C:\\xampp\\htdocs...')
#3 C:\xampp\htdocs\medihealth\vendor\codeigniter4\framework\system\Common.php(1071): CodeIgniter\View\View->render('component/log/h...', Array, true)
#4 C:\xampp\htdocs\medihealth\app\Views\content\log\register.php(1): view('component/log/h...')
#5 C:\xampp\htdocs\medihealth\vendor\codeigniter4\framework\system\View\View.php(236): include('C:\\xampp\\htdocs...')
#6 C:\xampp\htdocs\medihealth\vendor\codeigniter4\framework\system\Common.php(1071): CodeIgniter\View\View->render('content/log/reg...', Array, true)
#7 C:\xampp\htdocs\medihealth\app\Controllers\Web.php(35): view('content/log/reg...')
#8 C:\xampp\htdocs\medihealth\vendor\codeigniter4\framework\system\CodeIgniter.php(910): App\Controllers\Web->register()
#9 C:\xampp\htdocs\medihealth\vendor\codeigniter4\framework\system\CodeIgniter.php(398): CodeIgniter\CodeIgniter->runController(Object(App\Controllers\Web))
#10 C:\xampp\htdocs\medihealth\vendor\codeigniter4\framework\system\CodeIgniter.php(306): CodeIgniter\CodeIgniter->handleRequest(NULL, Object(Config\Cache), false)
#11 C:\xampp\htdocs\medihealth\public\index.php(45): CodeIgniter\CodeIgniter->run()
#12 C:\xampp\htdocs\medihealth\vendor\codeigniter4\framework\system\Commands\Server\rewrite.php(34): require_once('C:\\xampp\\htdocs...')
#13 {main}
CRITICAL - 2020-04-17 06:23:10 --> Call to undefined method CodeIgniter\HTTP\Files\UploadedFile::gerName()
#0 C:\xampp\htdocs\medihealth\vendor\codeigniter4\framework\system\CodeIgniter.php(910): App\Controllers\Product->edit('2')
#1 C:\xampp\htdocs\medihealth\vendor\codeigniter4\framework\system\CodeIgniter.php(398): CodeIgniter\CodeIgniter->runController(Object(App\Controllers\Product))
#2 C:\xampp\htdocs\medihealth\vendor\codeigniter4\framework\system\CodeIgniter.php(306): CodeIgniter\CodeIgniter->handleRequest(NULL, Object(Config\Cache), false)
#3 C:\xampp\htdocs\medihealth\public\index.php(45): CodeIgniter\CodeIgniter->run()
#4 C:\xampp\htdocs\medihealth\vendor\codeigniter4\framework\system\Commands\Server\rewrite.php(34): require_once('C:\\xampp\\htdocs...')
#5 {main}
CRITICAL - 2020-04-17 06:29:11 --> Undefined property: CodeIgniter\HTTP\Files\UploadedFile::$getExtension
#0 C:\xampp\htdocs\medihealth\app\Controllers\Product.php(25): CodeIgniter\Debug\Exceptions->errorHandler(8, 'Undefined prope...', 'C:\\xampp\\htdocs...', 25, Array)
#1 C:\xampp\htdocs\medihealth\vendor\codeigniter4\framework\system\CodeIgniter.php(910): App\Controllers\Product->edit('2')
#2 C:\xampp\htdocs\medihealth\vendor\codeigniter4\framework\system\CodeIgniter.php(398): CodeIgniter\CodeIgniter->runController(Object(App\Controllers\Product))
#3 C:\xampp\htdocs\medihealth\vendor\codeigniter4\framework\system\CodeIgniter.php(306): CodeIgniter\CodeIgniter->handleRequest(NULL, Object(Config\Cache), false)
#4 C:\xampp\htdocs\medihealth\public\index.php(45): CodeIgniter\CodeIgniter->run()
#5 C:\xampp\htdocs\medihealth\vendor\codeigniter4\framework\system\Commands\Server\rewrite.php(34): require_once('C:\\xampp\\htdocs...')
#6 {main}
CRITICAL - 2020-04-17 06:30:51 --> mkdir(): Invalid path
#0 [internal function]: CodeIgniter\Debug\Exceptions->errorHandler(2, 'mkdir(): Invali...', 'C:\\xampp\\htdocs...', 212, Array)
#1 C:\xampp\htdocs\medihealth\vendor\codeigniter4\framework\system\HTTP\Files\UploadedFile.php(212): mkdir('', 511, true)
#2 C:\xampp\htdocs\medihealth\vendor\codeigniter4\framework\system\HTTP\Files\UploadedFile.php(163): CodeIgniter\HTTP\Files\UploadedFile->setPath('')
#3 C:\xampp\htdocs\medihealth\app\Controllers\Product.php(25): CodeIgniter\HTTP\Files\UploadedFile->move('', '2.jpg')
#4 C:\xampp\htdocs\medihealth\vendor\codeigniter4\framework\system\CodeIgniter.php(910): App\Controllers\Product->edit('2')
#5 C:\xampp\htdocs\medihealth\vendor\codeigniter4\framework\system\CodeIgniter.php(398): CodeIgniter\CodeIgniter->runController(Object(App\Controllers\Product))
#6 C:\xampp\htdocs\medihealth\vendor\codeigniter4\framework\system\CodeIgniter.php(306): CodeIgniter\CodeIgniter->handleRequest(NULL, Object(Config\Cache), false)
#7 C:\xampp\htdocs\medihealth\public\index.php(45): CodeIgniter\CodeIgniter->run()
#8 C:\xampp\htdocs\medihealth\vendor\codeigniter4\framework\system\Commands\Server\rewrite.php(34): require_once('C:\\xampp\\htdocs...')
#9 {main}
CRITICAL - 2020-04-17 06:31:28 --> mkdir(): Invalid path
#0 [internal function]: CodeIgniter\Debug\Exceptions->errorHandler(2, 'mkdir(): Invali...', 'C:\\xampp\\htdocs...', 212, Array)
#1 C:\xampp\htdocs\medihealth\vendor\codeigniter4\framework\system\HTTP\Files\UploadedFile.php(212): mkdir('', 511, true)
#2 C:\xampp\htdocs\medihealth\vendor\codeigniter4\framework\system\HTTP\Files\UploadedFile.php(163): CodeIgniter\HTTP\Files\UploadedFile->setPath('')
#3 C:\xampp\htdocs\medihealth\app\Controllers\Product.php(25): CodeIgniter\HTTP\Files\UploadedFile->move('', '2.jpg')
#4 C:\xampp\htdocs\medihealth\vendor\codeigniter4\framework\system\CodeIgniter.php(910): App\Controllers\Product->edit('2')
#5 C:\xampp\htdocs\medihealth\vendor\codeigniter4\framework\system\CodeIgniter.php(398): CodeIgniter\CodeIgniter->runController(Object(App\Controllers\Product))
#6 C:\xampp\htdocs\medihealth\vendor\codeigniter4\framework\system\CodeIgniter.php(306): CodeIgniter\CodeIgniter->handleRequest(NULL, Object(Config\Cache), false)
#7 C:\xampp\htdocs\medihealth\public\index.php(45): CodeIgniter\CodeIgniter->run()
#8 C:\xampp\htdocs\medihealth\vendor\codeigniter4\framework\system\Commands\Server\rewrite.php(34): require_once('C:\\xampp\\htdocs...')
#9 {main}
CRITICAL - 2020-04-17 06:31:44 --> mkdir(): Invalid path
#0 [internal function]: CodeIgniter\Debug\Exceptions->errorHandler(2, 'mkdir(): Invali...', 'C:\\xampp\\htdocs...', 212, Array)
#1 C:\xampp\htdocs\medihealth\vendor\codeigniter4\framework\system\HTTP\Files\UploadedFile.php(212): mkdir('', 511, true)
#2 C:\xampp\htdocs\medihealth\vendor\codeigniter4\framework\system\HTTP\Files\UploadedFile.php(163): CodeIgniter\HTTP\Files\UploadedFile->setPath('')
#3 C:\xampp\htdocs\medihealth\app\Controllers\Product.php(25): CodeIgniter\HTTP\Files\UploadedFile->move('', '2.jpg')
#4 C:\xampp\htdocs\medihealth\vendor\codeigniter4\framework\system\CodeIgniter.php(910): App\Controllers\Product->edit('2')
#5 C:\xampp\htdocs\medihealth\vendor\codeigniter4\framework\system\CodeIgniter.php(398): CodeIgniter\CodeIgniter->runController(Object(App\Controllers\Product))
#6 C:\xampp\htdocs\medihealth\vendor\codeigniter4\framework\system\CodeIgniter.php(306): CodeIgniter\CodeIgniter->handleRequest(NULL, Object(Config\Cache), false)
#7 C:\xampp\htdocs\medihealth\public\index.php(45): CodeIgniter\CodeIgniter->run()
#8 C:\xampp\htdocs\medihealth\vendor\codeigniter4\framework\system\Commands\Server\rewrite.php(34): require_once('C:\\xampp\\htdocs...')
#9 {main}
CRITICAL - 2020-04-17 06:31:52 --> Argument 1 passed to CodeIgniter\HTTP\Files\UploadedFile::move() must be of the type string, null given, called in C:\xampp\htdocs\medihealth\app\Controllers\Product.php on line 25
#0 C:\xampp\htdocs\medihealth\app\Controllers\Product.php(25): CodeIgniter\HTTP\Files\UploadedFile->move(NULL, '2.jpg')
#1 C:\xampp\htdocs\medihealth\vendor\codeigniter4\framework\system\CodeIgniter.php(910): App\Controllers\Product->edit('2')
#2 C:\xampp\htdocs\medihealth\vendor\codeigniter4\framework\system\CodeIgniter.php(398): CodeIgniter\CodeIgniter->runController(Object(App\Controllers\Product))
#3 C:\xampp\htdocs\medihealth\vendor\codeigniter4\framework\system\CodeIgniter.php(306): CodeIgniter\CodeIgniter->handleRequest(NULL, Object(Config\Cache), false)
#4 C:\xampp\htdocs\medihealth\public\index.php(45): CodeIgniter\CodeIgniter->run()
#5 C:\xampp\htdocs\medihealth\vendor\codeigniter4\framework\system\Commands\Server\rewrite.php(34): require_once('C:\\xampp\\htdocs...')
#6 {main}
CRITICAL - 2020-04-17 06:36:21 --> Call to undefined function App\Controllers\delete_files()
#0 C:\xampp\htdocs\medihealth\vendor\codeigniter4\framework\system\CodeIgniter.php(910): App\Controllers\Product->edit('2')
#1 C:\xampp\htdocs\medihealth\vendor\codeigniter4\framework\system\CodeIgniter.php(398): CodeIgniter\CodeIgniter->runController(Object(App\Controllers\Product))
#2 C:\xampp\htdocs\medihealth\vendor\codeigniter4\framework\system\CodeIgniter.php(306): CodeIgniter\CodeIgniter->handleRequest(NULL, Object(Config\Cache), false)
#3 C:\xampp\htdocs\medihealth\public\index.php(45): CodeIgniter\CodeIgniter->run()
#4 C:\xampp\htdocs\medihealth\vendor\codeigniter4\framework\system\Commands\Server\rewrite.php(34): require_once('C:\\xampp\\htdocs...')
#5 {main}
CRITICAL - 2020-04-17 06:36:46 --> Call to undefined function App\Controllers\delete_files()
#0 C:\xampp\htdocs\medihealth\vendor\codeigniter4\framework\system\CodeIgniter.php(910): App\Controllers\Product->edit('2')
#1 C:\xampp\htdocs\medihealth\vendor\codeigniter4\framework\system\CodeIgniter.php(398): CodeIgniter\CodeIgniter->runController(Object(App\Controllers\Product))
#2 C:\xampp\htdocs\medihealth\vendor\codeigniter4\framework\system\CodeIgniter.php(306): CodeIgniter\CodeIgniter->handleRequest(NULL, Object(Config\Cache), false)
#3 C:\xampp\htdocs\medihealth\public\index.php(45): CodeIgniter\CodeIgniter->run()
#4 C:\xampp\htdocs\medihealth\vendor\codeigniter4\framework\system\Commands\Server\rewrite.php(34): require_once('C:\\xampp\\htdocs...')
#5 {main}
CRITICAL - 2020-04-17 06:37:04 --> Call to undefined function App\Controllers\delete_files()
#0 C:\xampp\htdocs\medihealth\vendor\codeigniter4\framework\system\CodeIgniter.php(910): App\Controllers\Product->edit('2')
#1 C:\xampp\htdocs\medihealth\vendor\codeigniter4\framework\system\CodeIgniter.php(398): CodeIgniter\CodeIgniter->runController(Object(App\Controllers\Product))
#2 C:\xampp\htdocs\medihealth\vendor\codeigniter4\framework\system\CodeIgniter.php(306): CodeIgniter\CodeIgniter->handleRequest(NULL, Object(Config\Cache), false)
#3 C:\xampp\htdocs\medihealth\public\index.php(45): CodeIgniter\CodeIgniter->run()
#4 C:\xampp\htdocs\medihealth\vendor\codeigniter4\framework\system\Commands\Server\rewrite.php(34): require_once('C:\\xampp\\htdocs...')
#5 {main}
CRITICAL - 2020-04-17 06:37:25 --> Call to undefined function App\Controllers\delete_files()
#0 C:\xampp\htdocs\medihealth\vendor\codeigniter4\framework\system\CodeIgniter.php(910): App\Controllers\Product->edit('2')
#1 C:\xampp\htdocs\medihealth\vendor\codeigniter4\framework\system\CodeIgniter.php(398): CodeIgniter\CodeIgniter->runController(Object(App\Controllers\Product))
#2 C:\xampp\htdocs\medihealth\vendor\codeigniter4\framework\system\CodeIgniter.php(306): CodeIgniter\CodeIgniter->handleRequest(NULL, Object(Config\Cache), false)
#3 C:\xampp\htdocs\medihealth\public\index.php(45): CodeIgniter\CodeIgniter->run()
#4 C:\xampp\htdocs\medihealth\vendor\codeigniter4\framework\system\Commands\Server\rewrite.php(34): require_once('C:\\xampp\\htdocs...')
#5 {main}
CRITICAL - 2020-04-17 06:42:40 --> Call to undefined function App\Controllers\delete_files()
#0 C:\xampp\htdocs\medihealth\vendor\codeigniter4\framework\system\CodeIgniter.php(910): App\Controllers\Product->edit('2')
#1 C:\xampp\htdocs\medihealth\vendor\codeigniter4\framework\system\CodeIgniter.php(398): CodeIgniter\CodeIgniter->runController(Object(App\Controllers\Product))
#2 C:\xampp\htdocs\medihealth\vendor\codeigniter4\framework\system\CodeIgniter.php(306): CodeIgniter\CodeIgniter->handleRequest(NULL, Object(Config\Cache), false)
#3 C:\xampp\htdocs\medihealth\public\index.php(45): CodeIgniter\CodeIgniter->run()
#4 C:\xampp\htdocs\medihealth\vendor\codeigniter4\framework\system\Commands\Server\rewrite.php(34): require_once('C:\\xampp\\htdocs...')
#5 {main}
CRITICAL - 2020-04-17 06:44:13 --> Call to undefined function App\Controllers\delete_files()
#0 C:\xampp\htdocs\medihealth\vendor\codeigniter4\framework\system\CodeIgniter.php(910): App\Controllers\Product->edit('2')
#1 C:\xampp\htdocs\medihealth\vendor\codeigniter4\framework\system\CodeIgniter.php(398): CodeIgniter\CodeIgniter->runController(Object(App\Controllers\Product))
#2 C:\xampp\htdocs\medihealth\vendor\codeigniter4\framework\system\CodeIgniter.php(306): CodeIgniter\CodeIgniter->handleRequest(NULL, Object(Config\Cache), false)
#3 C:\xampp\htdocs\medihealth\public\index.php(45): CodeIgniter\CodeIgniter->run()
#4 C:\xampp\htdocs\medihealth\vendor\codeigniter4\framework\system\Commands\Server\rewrite.php(34): require_once('C:\\xampp\\htdocs...')
#5 {main}
CRITICAL - 2020-04-17 06:44:52 --> Call to undefined function App\Controllers\delete_files()
#0 C:\xampp\htdocs\medihealth\vendor\codeigniter4\framework\system\CodeIgniter.php(910): App\Controllers\Product->edit('2')
#1 C:\xampp\htdocs\medihealth\vendor\codeigniter4\framework\system\CodeIgniter.php(398): CodeIgniter\CodeIgniter->runController(Object(App\Controllers\Product))
#2 C:\xampp\htdocs\medihealth\vendor\codeigniter4\framework\system\CodeIgniter.php(306): CodeIgniter\CodeIgniter->handleRequest(NULL, Object(Config\Cache), false)
#3 C:\xampp\htdocs\medihealth\public\index.php(45): CodeIgniter\CodeIgniter->run()
#4 C:\xampp\htdocs\medihealth\vendor\codeigniter4\framework\system\Commands\Server\rewrite.php(34): require_once('C:\\xampp\\htdocs...')
#5 {main}
CRITICAL - 2020-04-17 06:46:23 --> Call to undefined function App\Controllers\delete_files()
#0 C:\xampp\htdocs\medihealth\vendor\codeigniter4\framework\system\CodeIgniter.php(910): App\Controllers\Product->edit('2')
#1 C:\xampp\htdocs\medihealth\vendor\codeigniter4\framework\system\CodeIgniter.php(398): CodeIgniter\CodeIgniter->runController(Object(App\Controllers\Product))
#2 C:\xampp\htdocs\medihealth\vendor\codeigniter4\framework\system\CodeIgniter.php(306): CodeIgniter\CodeIgniter->handleRequest(NULL, Object(Config\Cache), false)
#3 C:\xampp\htdocs\medihealth\public\index.php(45): CodeIgniter\CodeIgniter->run()
#4 C:\xampp\htdocs\medihealth\vendor\codeigniter4\framework\system\Commands\Server\rewrite.php(34): require_once('C:\\xampp\\htdocs...')
#5 {main}
CRITICAL - 2020-04-17 06:47:43 --> Undefined property: App\Controllers\Product::$load
#0 C:\xampp\htdocs\medihealth\app\Controllers\Product.php(24): CodeIgniter\Debug\Exceptions->errorHandler(8, 'Undefined prope...', 'C:\\xampp\\htdocs...', 24, Array)
#1 C:\xampp\htdocs\medihealth\vendor\codeigniter4\framework\system\CodeIgniter.php(910): App\Controllers\Product->edit('2')
#2 C:\xampp\htdocs\medihealth\vendor\codeigniter4\framework\system\CodeIgniter.php(398): CodeIgniter\CodeIgniter->runController(Object(App\Controllers\Product))
#3 C:\xampp\htdocs\medihealth\vendor\codeigniter4\framework\system\CodeIgniter.php(306): CodeIgniter\CodeIgniter->handleRequest(NULL, Object(Config\Cache), false)
#4 C:\xampp\htdocs\medihealth\public\index.php(45): CodeIgniter\CodeIgniter->run()
#5 C:\xampp\htdocs\medihealth\vendor\codeigniter4\framework\system\Commands\Server\rewrite.php(34): require_once('C:\\xampp\\htdocs...')
#6 {main}
CRITICAL - 2020-04-17 06:47:55 --> Call to undefined function App\Controllers\helpers()
#0 C:\xampp\htdocs\medihealth\vendor\codeigniter4\framework\system\CodeIgniter.php(910): App\Controllers\Product->edit('2')
#1 C:\xampp\htdocs\medihealth\vendor\codeigniter4\framework\system\CodeIgniter.php(398): CodeIgniter\CodeIgniter->runController(Object(App\Controllers\Product))
#2 C:\xampp\htdocs\medihealth\vendor\codeigniter4\framework\system\CodeIgniter.php(306): CodeIgniter\CodeIgniter->handleRequest(NULL, Object(Config\Cache), false)
#3 C:\xampp\htdocs\medihealth\public\index.php(45): CodeIgniter\CodeIgniter->run()
#4 C:\xampp\htdocs\medihealth\vendor\codeigniter4\framework\system\Commands\Server\rewrite.php(34): require_once('C:\\xampp\\htdocs...')
#5 {main}
CRITICAL - 2020-04-17 06:47:59 --> Call to undefined function App\Controllers\delete_files()
#0 C:\xampp\htdocs\medihealth\vendor\codeigniter4\framework\system\CodeIgniter.php(910): App\Controllers\Product->edit('2')
#1 C:\xampp\htdocs\medihealth\vendor\codeigniter4\framework\system\CodeIgniter.php(398): CodeIgniter\CodeIgniter->runController(Object(App\Controllers\Product))
#2 C:\xampp\htdocs\medihealth\vendor\codeigniter4\framework\system\CodeIgniter.php(306): CodeIgniter\CodeIgniter->handleRequest(NULL, Object(Config\Cache), false)
#3 C:\xampp\htdocs\medihealth\public\index.php(45): CodeIgniter\CodeIgniter->run()
#4 C:\xampp\htdocs\medihealth\vendor\codeigniter4\framework\system\Commands\Server\rewrite.php(34): require_once('C:\\xampp\\htdocs...')
#5 {main}
CRITICAL - 2020-04-17 06:48:09 --> Call to undefined function App\Controllers\delete_files()
#0 C:\xampp\htdocs\medihealth\vendor\codeigniter4\framework\system\CodeIgniter.php(910): App\Controllers\Product->edit('2')
#1 C:\xampp\htdocs\medihealth\vendor\codeigniter4\framework\system\CodeIgniter.php(398): CodeIgniter\CodeIgniter->runController(Object(App\Controllers\Product))
#2 C:\xampp\htdocs\medihealth\vendor\codeigniter4\framework\system\CodeIgniter.php(306): CodeIgniter\CodeIgniter->handleRequest(NULL, Object(Config\Cache), false)
#3 C:\xampp\htdocs\medihealth\public\index.php(45): CodeIgniter\CodeIgniter->run()
#4 C:\xampp\htdocs\medihealth\vendor\codeigniter4\framework\system\Commands\Server\rewrite.php(34): require_once('C:\\xampp\\htdocs...')
#5 {main}
CRITICAL - 2020-04-17 06:52:56 --> Undefined variable: banner
#0 C:\xampp\htdocs\medihealth\app\Controllers\Product.php(30): CodeIgniter\Debug\Exceptions->errorHandler(8, 'Undefined varia...', 'C:\\xampp\\htdocs...', 30, Array)
#1 C:\xampp\htdocs\medihealth\vendor\codeigniter4\framework\system\CodeIgniter.php(910): App\Controllers\Product->edit('2')
#2 C:\xampp\htdocs\medihealth\vendor\codeigniter4\framework\system\CodeIgniter.php(398): CodeIgniter\CodeIgniter->runController(Object(App\Controllers\Product))
#3 C:\xampp\htdocs\medihealth\vendor\codeigniter4\framework\system\CodeIgniter.php(306): CodeIgniter\CodeIgniter->handleRequest(NULL, Object(Config\Cache), false)
#4 C:\xampp\htdocs\medihealth\public\index.php(45): CodeIgniter\CodeIgniter->run()
#5 C:\xampp\htdocs\medihealth\vendor\codeigniter4\framework\system\Commands\Server\rewrite.php(34): require_once('C:\\xampp\\htdocs...')
#6 {main}
CRITICAL - 2020-04-17 07:11:38 --> unlink(C:\xampp\htdocs\medihealth\public\banner/2.jpg): No such file or directory
#0 [internal function]: CodeIgniter\Debug\Exceptions->errorHandler(2, 'unlink(C:\\xampp...', 'C:\\xampp\\htdocs...', 27, Array)
#1 C:\xampp\htdocs\medihealth\app\Controllers\Product.php(27): unlink('C:\\xampp\\htdocs...')
#2 C:\xampp\htdocs\medihealth\vendor\codeigniter4\framework\system\CodeIgniter.php(910): App\Controllers\Product->edit('2')
#3 C:\xampp\htdocs\medihealth\vendor\codeigniter4\framework\system\CodeIgniter.php(398): CodeIgniter\CodeIgniter->runController(Object(App\Controllers\Product))
#4 C:\xampp\htdocs\medihealth\vendor\codeigniter4\framework\system\CodeIgniter.php(306): CodeIgniter\CodeIgniter->handleRequest(NULL, Object(Config\Cache), false)
#5 C:\xampp\htdocs\medihealth\public\index.php(45): CodeIgniter\CodeIgniter->run()
#6 C:\xampp\htdocs\medihealth\vendor\codeigniter4\framework\system\Commands\Server\rewrite.php(34): require_once('C:\\xampp\\htdocs...')
#7 {main}
CRITICAL - 2020-04-17 07:46:29 --> unlink() expects parameter 1 to be a valid path, array given
#0 [internal function]: CodeIgniter\Debug\Exceptions->errorHandler(2, 'unlink() expect...', 'C:\\xampp\\htdocs...', 30, Array)
#1 C:\xampp\htdocs\medihealth\app\Controllers\Product.php(30): unlink(Array)
#2 C:\xampp\htdocs\medihealth\vendor\codeigniter4\framework\system\CodeIgniter.php(910): App\Controllers\Product->edit('2')
#3 C:\xampp\htdocs\medihealth\vendor\codeigniter4\framework\system\CodeIgniter.php(398): CodeIgniter\CodeIgniter->runController(Object(App\Controllers\Product))
#4 C:\xampp\htdocs\medihealth\vendor\codeigniter4\framework\system\CodeIgniter.php(306): CodeIgniter\CodeIgniter->handleRequest(NULL, Object(Config\Cache), false)
#5 C:\xampp\htdocs\medihealth\public\index.php(45): CodeIgniter\CodeIgniter->run()
#6 C:\xampp\htdocs\medihealth\vendor\codeigniter4\framework\system\Commands\Server\rewrite.php(34): require_once('C:\\xampp\\htdocs...')
#7 {main}
CRITICAL - 2020-04-17 07:47:11 --> Undefined offset: 0
#0 C:\xampp\htdocs\medihealth\app\Controllers\Product.php(29): CodeIgniter\Debug\Exceptions->errorHandler(8, 'Undefined offse...', 'C:\\xampp\\htdocs...', 29, Array)
#1 C:\xampp\htdocs\medihealth\vendor\codeigniter4\framework\system\CodeIgniter.php(910): App\Controllers\Product->edit('2')
#2 C:\xampp\htdocs\medihealth\vendor\codeigniter4\framework\system\CodeIgniter.php(398): CodeIgniter\CodeIgniter->runController(Object(App\Controllers\Product))
#3 C:\xampp\htdocs\medihealth\vendor\codeigniter4\framework\system\CodeIgniter.php(306): CodeIgniter\CodeIgniter->handleRequest(NULL, Object(Config\Cache), false)
#4 C:\xampp\htdocs\medihealth\public\index.php(45): CodeIgniter\CodeIgniter->run()
#5 C:\xampp\htdocs\medihealth\vendor\codeigniter4\framework\system\Commands\Server\rewrite.php(34): require_once('C:\\xampp\\htdocs...')
#6 {main}
CRITICAL - 2020-04-17 08:23:48 --> Undefined variable: product
#0 C:\xampp\htdocs\medihealth\app\Views\content\product\form.php(20): CodeIgniter\Debug\Exceptions->errorHandler(8, 'Undefined varia...', 'C:\\xampp\\htdocs...', 20, Array)
#1 C:\xampp\htdocs\medihealth\vendor\codeigniter4\framework\system\View\View.php(236): include('C:\\xampp\\htdocs...')
#2 C:\xampp\htdocs\medihealth\vendor\codeigniter4\framework\system\Common.php(1071): CodeIgniter\View\View->render('content/product...', Array, true)
#3 C:\xampp\htdocs\medihealth\app\Controllers\Web.php(51): view('content/product...')
#4 C:\xampp\htdocs\medihealth\vendor\codeigniter4\framework\system\CodeIgniter.php(910): App\Controllers\Web->createProduct()
#5 C:\xampp\htdocs\medihealth\vendor\codeigniter4\framework\system\CodeIgniter.php(398): CodeIgniter\CodeIgniter->runController(Object(App\Controllers\Web))
#6 C:\xampp\htdocs\medihealth\vendor\codeigniter4\framework\system\CodeIgniter.php(306): CodeIgniter\CodeIgniter->handleRequest(NULL, Object(Config\Cache), false)
#7 C:\xampp\htdocs\medihealth\public\index.php(45): CodeIgniter\CodeIgniter->run()
#8 C:\xampp\htdocs\medihealth\vendor\codeigniter4\framework\system\Commands\Server\rewrite.php(34): require_once('C:\\xampp\\htdocs...')
#9 {main}
CRITICAL - 2020-04-17 08:25:06 --> syntax error, unexpected 'endforeach' (T_ENDFOREACH), expecting end of file
#0 C:\xampp\htdocs\medihealth\vendor\codeigniter4\framework\system\Common.php(1071): CodeIgniter\View\View->render('content/index', Array, true)
#1 C:\xampp\htdocs\medihealth\app\Controllers\Web.php(19): view('content/index', Array)
#2 C:\xampp\htdocs\medihealth\vendor\codeigniter4\framework\system\CodeIgniter.php(910): App\Controllers\Web->home()
#3 C:\xampp\htdocs\medihealth\vendor\codeigniter4\framework\system\CodeIgniter.php(398): CodeIgniter\CodeIgniter->runController(Object(App\Controllers\Web))
#4 C:\xampp\htdocs\medihealth\vendor\codeigniter4\framework\system\CodeIgniter.php(306): CodeIgniter\CodeIgniter->handleRequest(NULL, Object(Config\Cache), false)
#5 C:\xampp\htdocs\medihealth\public\index.php(45): CodeIgniter\CodeIgniter->run()
#6 C:\xampp\htdocs\medihealth\vendor\codeigniter4\framework\system\Commands\Server\rewrite.php(34): require_once('C:\\xampp\\htdocs...')
#7 {main}
CRITICAL - 2020-04-17 10:19:58 --> Call to undefined method CodeIgniter\Database\MySQLi\Builder::inser_id()
#0 C:\xampp\htdocs\medihealth\app\Controllers\Product.php(20): App\Models\Product->create(Array)
#1 C:\xampp\htdocs\medihealth\vendor\codeigniter4\framework\system\CodeIgniter.php(910): App\Controllers\Product->create()
#2 C:\xampp\htdocs\medihealth\vendor\codeigniter4\framework\system\CodeIgniter.php(398): CodeIgniter\CodeIgniter->runController(Object(App\Controllers\Product))
#3 C:\xampp\htdocs\medihealth\vendor\codeigniter4\framework\system\CodeIgniter.php(306): CodeIgniter\CodeIgniter->handleRequest(NULL, Object(Config\Cache), false)
#4 C:\xampp\htdocs\medihealth\public\index.php(45): CodeIgniter\CodeIgniter->run()
#5 C:\xampp\htdocs\medihealth\vendor\codeigniter4\framework\system\Commands\Server\rewrite.php(34): require_once('C:\\xampp\\htdocs...')
#6 {main}
CRITICAL - 2020-04-17 10:20:05 --> Call to undefined method CodeIgniter\Database\MySQLi\Builder::insert_id()
#0 C:\xampp\htdocs\medihealth\app\Controllers\Product.php(20): App\Models\Product->create(Array)
#1 C:\xampp\htdocs\medihealth\vendor\codeigniter4\framework\system\CodeIgniter.php(910): App\Controllers\Product->create()
#2 C:\xampp\htdocs\medihealth\vendor\codeigniter4\framework\system\CodeIgniter.php(398): CodeIgniter\CodeIgniter->runController(Object(App\Controllers\Product))
#3 C:\xampp\htdocs\medihealth\vendor\codeigniter4\framework\system\CodeIgniter.php(306): CodeIgniter\CodeIgniter->handleRequest(NULL, Object(Config\Cache), false)
#4 C:\xampp\htdocs\medihealth\public\index.php(45): CodeIgniter\CodeIgniter->run()
#5 C:\xampp\htdocs\medihealth\vendor\codeigniter4\framework\system\Commands\Server\rewrite.php(34): require_once('C:\\xampp\\htdocs...')
#6 {main}
CRITICAL - 2020-04-17 10:20:12 --> Call to undefined method CodeIgniter\Database\MySQLi\Connection::insert_id()
#0 C:\xampp\htdocs\medihealth\app\Controllers\Product.php(20): App\Models\Product->create(Array)
#1 C:\xampp\htdocs\medihealth\vendor\codeigniter4\framework\system\CodeIgniter.php(910): App\Controllers\Product->create()
#2 C:\xampp\htdocs\medihealth\vendor\codeigniter4\framework\system\CodeIgniter.php(398): CodeIgniter\CodeIgniter->runController(Object(App\Controllers\Product))
#3 C:\xampp\htdocs\medihealth\vendor\codeigniter4\framework\system\CodeIgniter.php(306): CodeIgniter\CodeIgniter->handleRequest(NULL, Object(Config\Cache), false)
#4 C:\xampp\htdocs\medihealth\public\index.php(45): CodeIgniter\CodeIgniter->run()
#5 C:\xampp\htdocs\medihealth\vendor\codeigniter4\framework\system\Commands\Server\rewrite.php(34): require_once('C:\\xampp\\htdocs...')
#6 {main}
CRITICAL - 2020-04-17 10:47:37 --> Call to undefined method CodeIgniter\Database\MySQLi\Connection::insert()
#0 C:\xampp\htdocs\medihealth\app\Controllers\Product.php(20): App\Models\Product->create(Array)
#1 C:\xampp\htdocs\medihealth\vendor\codeigniter4\framework\system\CodeIgniter.php(910): App\Controllers\Product->create()
#2 C:\xampp\htdocs\medihealth\vendor\codeigniter4\framework\system\CodeIgniter.php(398): CodeIgniter\CodeIgniter->runController(Object(App\Controllers\Product))
#3 C:\xampp\htdocs\medihealth\vendor\codeigniter4\framework\system\CodeIgniter.php(306): CodeIgniter\CodeIgniter->handleRequest(NULL, Object(Config\Cache), false)
#4 C:\xampp\htdocs\medihealth\public\index.php(45): CodeIgniter\CodeIgniter->run()
#5 C:\xampp\htdocs\medihealth\vendor\codeigniter4\framework\system\Commands\Server\rewrite.php(34): require_once('C:\\xampp\\htdocs...')
#6 {main}
CRITICAL - 2020-04-17 10:48:55 --> Allowed fields must be specified for model: App\Models\Product
#0 C:\xampp\htdocs\medihealth\vendor\codeigniter4\framework\system\Model.php(1218): CodeIgniter\Database\Exceptions\DataException::forInvalidAllowedFields('App\\Models\\Prod...')
#1 C:\xampp\htdocs\medihealth\vendor\codeigniter4\framework\system\Model.php(702): CodeIgniter\Model->doProtectFields(Array)
#2 C:\xampp\htdocs\medihealth\app\Models\Product.php(23): CodeIgniter\Model->insert(Array)
#3 C:\xampp\htdocs\medihealth\app\Controllers\Product.php(20): App\Models\Product->create(Array)
#4 C:\xampp\htdocs\medihealth\vendor\codeigniter4\framework\system\CodeIgniter.php(910): App\Controllers\Product->create()
#5 C:\xampp\htdocs\medihealth\vendor\codeigniter4\framework\system\CodeIgniter.php(398): CodeIgniter\CodeIgniter->runController(Object(App\Controllers\Product))
#6 C:\xampp\htdocs\medihealth\vendor\codeigniter4\framework\system\CodeIgniter.php(306): CodeIgniter\CodeIgniter->handleRequest(NULL, Object(Config\Cache), false)
#7 C:\xampp\htdocs\medihealth\public\index.php(45): CodeIgniter\CodeIgniter->run()
#8 C:\xampp\htdocs\medihealth\vendor\codeigniter4\framework\system\Commands\Server\rewrite.php(34): require_once('C:\\xampp\\htdocs...')
#9 {main}
CRITICAL - 2020-04-17 10:49:13 --> Allowed fields must be specified for model: App\Models\Product
#0 C:\xampp\htdocs\medihealth\vendor\codeigniter4\framework\system\Model.php(1218): CodeIgniter\Database\Exceptions\DataException::forInvalidAllowedFields('App\\Models\\Prod...')
#1 C:\xampp\htdocs\medihealth\vendor\codeigniter4\framework\system\Model.php(702): CodeIgniter\Model->doProtectFields(Array)
#2 C:\xampp\htdocs\medihealth\app\Models\Product.php(23): CodeIgniter\Model->insert(Array)
#3 C:\xampp\htdocs\medihealth\app\Controllers\Product.php(20): App\Models\Product->create(Array)
#4 C:\xampp\htdocs\medihealth\vendor\codeigniter4\framework\system\CodeIgniter.php(910): App\Controllers\Product->create()
#5 C:\xampp\htdocs\medihealth\vendor\codeigniter4\framework\system\CodeIgniter.php(398): CodeIgniter\CodeIgniter->runController(Object(App\Controllers\Product))
#6 C:\xampp\htdocs\medihealth\vendor\codeigniter4\framework\system\CodeIgniter.php(306): CodeIgniter\CodeIgniter->handleRequest(NULL, Object(Config\Cache), false)
#7 C:\xampp\htdocs\medihealth\public\index.php(45): CodeIgniter\CodeIgniter->run()
#8 C:\xampp\htdocs\medihealth\vendor\codeigniter4\framework\system\Commands\Server\rewrite.php(34): require_once('C:\\xampp\\htdocs...')
#9 {main}
CRITICAL - 2020-04-17 10:49:19 --> Call to undefined method CodeIgniter\Database\MySQLi\Connection::insert()
#0 C:\xampp\htdocs\medihealth\app\Controllers\Product.php(20): App\Models\Product->create(Array)
#1 C:\xampp\htdocs\medihealth\vendor\codeigniter4\framework\system\CodeIgniter.php(910): App\Controllers\Product->create()
#2 C:\xampp\htdocs\medihealth\vendor\codeigniter4\framework\system\CodeIgniter.php(398): CodeIgniter\CodeIgniter->runController(Object(App\Controllers\Product))
#3 C:\xampp\htdocs\medihealth\vendor\codeigniter4\framework\system\CodeIgniter.php(306): CodeIgniter\CodeIgniter->handleRequest(NULL, Object(Config\Cache), false)
#4 C:\xampp\htdocs\medihealth\public\index.php(45): CodeIgniter\CodeIgniter->run()
#5 C:\xampp\htdocs\medihealth\vendor\codeigniter4\framework\system\Commands\Server\rewrite.php(34): require_once('C:\\xampp\\htdocs...')
#6 {main}
CRITICAL - 2020-04-17 10:49:35 --> Allowed fields must be specified for model: App\Models\Product
#0 C:\xampp\htdocs\medihealth\vendor\codeigniter4\framework\system\Model.php(1218): CodeIgniter\Database\Exceptions\DataException::forInvalidAllowedFields('App\\Models\\Prod...')
#1 C:\xampp\htdocs\medihealth\vendor\codeigniter4\framework\system\Model.php(702): CodeIgniter\Model->doProtectFields(Array)
#2 C:\xampp\htdocs\medihealth\app\Models\Product.php(23): CodeIgniter\Model->insert(Array)
#3 C:\xampp\htdocs\medihealth\app\Controllers\Product.php(20): App\Models\Product->create(Array)
#4 C:\xampp\htdocs\medihealth\vendor\codeigniter4\framework\system\CodeIgniter.php(910): App\Controllers\Product->create()
#5 C:\xampp\htdocs\medihealth\vendor\codeigniter4\framework\system\CodeIgniter.php(398): CodeIgniter\CodeIgniter->runController(Object(App\Controllers\Product))
#6 C:\xampp\htdocs\medihealth\vendor\codeigniter4\framework\system\CodeIgniter.php(306): CodeIgniter\CodeIgniter->handleRequest(NULL, Object(Config\Cache), false)
#7 C:\xampp\htdocs\medihealth\public\index.php(45): CodeIgniter\CodeIgniter->run()
#8 C:\xampp\htdocs\medihealth\vendor\codeigniter4\framework\system\Commands\Server\rewrite.php(34): require_once('C:\\xampp\\htdocs...')
#9 {main}
CRITICAL - 2020-04-17 10:52:09 --> Call to a member function move() on string
#0 C:\xampp\htdocs\medihealth\vendor\codeigniter4\framework\system\CodeIgniter.php(910): App\Controllers\Product->create()
#1 C:\xampp\htdocs\medihealth\vendor\codeigniter4\framework\system\CodeIgniter.php(398): CodeIgniter\CodeIgniter->runController(Object(App\Controllers\Product))
#2 C:\xampp\htdocs\medihealth\vendor\codeigniter4\framework\system\CodeIgniter.php(306): CodeIgniter\CodeIgniter->handleRequest(NULL, Object(Config\Cache), false)
#3 C:\xampp\htdocs\medihealth\public\index.php(45): CodeIgniter\CodeIgniter->run()
#4 C:\xampp\htdocs\medihealth\vendor\codeigniter4\framework\system\Commands\Server\rewrite.php(34): require_once('C:\\xampp\\htdocs...')
#5 {main}
CRITICAL - 2020-04-17 10:59:33 --> preg_match(): Compilation failed: missing closing parenthesis at offset 28
#0 [internal function]: CodeIgniter\Debug\Exceptions->errorHandler(2, 'preg_match(): C...', 'C:\\xampp\\htdocs...', 425, Array)
#1 C:\xampp\htdocs\medihealth\vendor\codeigniter4\framework\system\Router\Router.php(425): preg_match('#^api/review/cr...', 'api/review/crea...', Array)
#2 C:\xampp\htdocs\medihealth\vendor\codeigniter4\framework\system\Router\Router.php(174): CodeIgniter\Router\Router->checkRoutes('api/review/crea...')
#3 C:\xampp\htdocs\medihealth\vendor\codeigniter4\framework\system\CodeIgniter.php(785): CodeIgniter\Router\Router->handle('api/review/crea...')
#4 C:\xampp\htdocs\medihealth\vendor\codeigniter4\framework\system\CodeIgniter.php(358): CodeIgniter\CodeIgniter->tryToRouteIt(Object(CodeIgniter\Router\RouteCollection))
#5 C:\xampp\htdocs\medihealth\vendor\codeigniter4\framework\system\CodeIgniter.php(306): CodeIgniter\CodeIgniter->handleRequest(NULL, Object(Config\Cache), false)
#6 C:\xampp\htdocs\medihealth\public\index.php(45): CodeIgniter\CodeIgniter->run()
#7 C:\xampp\htdocs\medihealth\vendor\codeigniter4\framework\system\Commands\Server\rewrite.php(34): require_once('C:\\xampp\\htdocs...')
#8 {main}
CRITICAL - 2020-04-17 11:05:01 --> Unknown column 'product_id' in 'field list'
#0 C:\xampp\htdocs\medihealth\vendor\codeigniter4\framework\system\Database\MySQLi\Connection.php(330): mysqli->query('INSERT INTO `re...')
#1 C:\xampp\htdocs\medihealth\vendor\codeigniter4\framework\system\Database\BaseConnection.php(738): CodeIgniter\Database\MySQLi\Connection->execute('INSERT INTO `re...')
#2 C:\xampp\htdocs\medihealth\vendor\codeigniter4\framework\system\Database\BaseConnection.php(666): CodeIgniter\Database\BaseConnection->simpleQuery('INSERT INTO `re...')
#3 C:\xampp\htdocs\medihealth\vendor\codeigniter4\framework\system\Database\BaseBuilder.php(2206): CodeIgniter\Database\BaseConnection->query('INSERT INTO `re...', Array, false)
#4 C:\xampp\htdocs\medihealth\app\Models\Review.php(23): CodeIgniter\Database\BaseBuilder->insert(Array)
#5 C:\xampp\htdocs\medihealth\app\Controllers\Review.php(24): App\Models\Review->create(Array)
#6 C:\xampp\htdocs\medihealth\vendor\codeigniter4\framework\system\CodeIgniter.php(910): App\Controllers\Review->create('2')
#7 C:\xampp\htdocs\medihealth\vendor\codeigniter4\framework\system\CodeIgniter.php(398): CodeIgniter\CodeIgniter->runController(Object(App\Controllers\Review))
#8 C:\xampp\htdocs\medihealth\vendor\codeigniter4\framework\system\CodeIgniter.php(306): CodeIgniter\CodeIgniter->handleRequest(NULL, Object(Config\Cache), false)
#9 C:\xampp\htdocs\medihealth\public\index.php(45): CodeIgniter\CodeIgniter->run()
#10 C:\xampp\htdocs\medihealth\vendor\codeigniter4\framework\system\Commands\Server\rewrite.php(34): require_once('C:\\xampp\\htdocs...')
#11 {main}
CRITICAL - 2020-04-17 19:19:31 --> Cannot use object of type mysqli as array
#0 C:\xampp\htdocs\medihealth\vendor\codeigniter4\framework\system\View\View.php(236): include()
#1 C:\xampp\htdocs\medihealth\vendor\codeigniter4\framework\system\Common.php(1071): CodeIgniter\View\View->render('content/index', Array, true)
#2 C:\xampp\htdocs\medihealth\app\Controllers\Web.php(19): view('content/index', Array)
#3 C:\xampp\htdocs\medihealth\vendor\codeigniter4\framework\system\CodeIgniter.php(910): App\Controllers\Web->home()
#4 C:\xampp\htdocs\medihealth\vendor\codeigniter4\framework\system\CodeIgniter.php(398): CodeIgniter\CodeIgniter->runController(Object(App\Controllers\Web))
#5 C:\xampp\htdocs\medihealth\vendor\codeigniter4\framework\system\CodeIgniter.php(306): CodeIgniter\CodeIgniter->handleRequest(NULL, Object(Config\Cache), false)
#6 C:\xampp\htdocs\medihealth\public\index.php(45): CodeIgniter\CodeIgniter->run()
#7 C:\xampp\htdocs\medihealth\vendor\codeigniter4\framework\system\Commands\Server\rewrite.php(34): require_once('C:\\xampp\\htdocs...')
#8 {main}
CRITICAL - 2020-04-17 19:23:46 --> Invalid argument supplied for foreach()
#0 C:\xampp\htdocs\medihealth\app\Views\content\index.php(7): CodeIgniter\Debug\Exceptions->errorHandler(2, 'Invalid argumen...', 'C:\\xampp\\htdocs...', 7, Array)
#1 C:\xampp\htdocs\medihealth\vendor\codeigniter4\framework\system\View\View.php(236): include('C:\\xampp\\htdocs...')
#2 C:\xampp\htdocs\medihealth\vendor\codeigniter4\framework\system\Common.php(1071): CodeIgniter\View\View->render('content/index', Array, true)
#3 C:\xampp\htdocs\medihealth\app\Controllers\Web.php(19): view('content/index', Array)
#4 C:\xampp\htdocs\medihealth\vendor\codeigniter4\framework\system\CodeIgniter.php(910): App\Controllers\Web->home()
#5 C:\xampp\htdocs\medihealth\vendor\codeigniter4\framework\system\CodeIgniter.php(398): CodeIgniter\CodeIgniter->runController(Object(App\Controllers\Web))
#6 C:\xampp\htdocs\medihealth\vendor\codeigniter4\framework\system\CodeIgniter.php(306): CodeIgniter\CodeIgniter->handleRequest(NULL, Object(Config\Cache), false)
#7 C:\xampp\htdocs\medihealth\public\index.php(45): CodeIgniter\CodeIgniter->run()
#8 C:\xampp\htdocs\medihealth\vendor\codeigniter4\framework\system\Commands\Server\rewrite.php(34): require_once('C:\\xampp\\htdocs...')
#9 {main}
CRITICAL - 2020-04-17 19:28:00 --> Argument 2 passed to CodeIgniter\Database\BaseBuilder::getWhere() must be of the type int or null, string given, called in C:\xampp\htdocs\medihealth\vendor\codeigniter4\framework\system\Model.php on line 1702
#0 C:\xampp\htdocs\medihealth\vendor\codeigniter4\framework\system\Model.php(1702): CodeIgniter\Database\BaseBuilder->getWhere('name', 's')
#1 C:\xampp\htdocs\medihealth\app\Models\Product.php(18): CodeIgniter\Model->__call('getWhere', Array)
#2 C:\xampp\htdocs\medihealth\app\Controllers\Web.php(18): App\Models\Product->findLike(Array)
#3 C:\xampp\htdocs\medihealth\vendor\codeigniter4\framework\system\CodeIgniter.php(910): App\Controllers\Web->home()
#4 C:\xampp\htdocs\medihealth\vendor\codeigniter4\framework\system\CodeIgniter.php(398): CodeIgniter\CodeIgniter->runController(Object(App\Controllers\Web))
#5 C:\xampp\htdocs\medihealth\vendor\codeigniter4\framework\system\CodeIgniter.php(306): CodeIgniter\CodeIgniter->handleRequest(NULL, Object(Config\Cache), false)
#6 C:\xampp\htdocs\medihealth\public\index.php(45): CodeIgniter\CodeIgniter->run()
#7 C:\xampp\htdocs\medihealth\vendor\codeigniter4\framework\system\Commands\Server\rewrite.php(34): require_once('C:\\xampp\\htdocs...')
#8 {main}
CRITICAL - 2020-04-17 19:31:00 --> Call to undefined method CodeIgniter\Database\MySQLi\Builder::getResultArray()
#0 C:\xampp\htdocs\medihealth\app\Controllers\Web.php(18): App\Models\Product->findLike(Array)
#1 C:\xampp\htdocs\medihealth\vendor\codeigniter4\framework\system\CodeIgniter.php(910): App\Controllers\Web->home()
#2 C:\xampp\htdocs\medihealth\vendor\codeigniter4\framework\system\CodeIgniter.php(398): CodeIgniter\CodeIgniter->runController(Object(App\Controllers\Web))
#3 C:\xampp\htdocs\medihealth\vendor\codeigniter4\framework\system\CodeIgniter.php(306): CodeIgniter\CodeIgniter->handleRequest(NULL, Object(Config\Cache), false)
#4 C:\xampp\htdocs\medihealth\public\index.php(45): CodeIgniter\CodeIgniter->run()
#5 C:\xampp\htdocs\medihealth\vendor\codeigniter4\framework\system\Commands\Server\rewrite.php(34): require_once('C:\\xampp\\htdocs...')
#6 {main}
