CRITICAL - 2020-04-18 05:29:44 --> syntax error, unexpected '}', expecting ';'
#0 C:\xampp\htdocs\medihealth\vendor\codeigniter4\framework\system\Autoloader\Autoloader.php(296): CodeIgniter\Autoloader\Autoloader->requireFile('C:\\xampp\\htdocs...')
#1 C:\xampp\htdocs\medihealth\vendor\codeigniter4\framework\system\Autoloader\Autoloader.php(258): CodeIgniter\Autoloader\Autoloader->loadInNamespace('App\\Models\\Prod...')
#2 [internal function]: CodeIgniter\Autoloader\Autoloader->loadClass('App\\Models\\Prod...')
#3 C:\xampp\htdocs\medihealth\app\Controllers\Web.php(12): spl_autoload_call('App\\Models\\Prod...')
#4 C:\xampp\htdocs\medihealth\vendor\codeigniter4\framework\system\CodeIgniter.php(882): App\Controllers\Web->__construct()
#5 C:\xampp\htdocs\medihealth\vendor\codeigniter4\framework\system\CodeIgniter.php(393): CodeIgniter\CodeIgniter->createController()
#6 C:\xampp\htdocs\medihealth\vendor\codeigniter4\framework\system\CodeIgniter.php(306): CodeIgniter\CodeIgniter->handleRequest(NULL, Object(Config\Cache), false)
#7 C:\xampp\htdocs\medihealth\public\index.php(45): CodeIgniter\CodeIgniter->run()
#8 C:\xampp\htdocs\medihealth\vendor\codeigniter4\framework\system\Commands\Server\rewrite.php(34): require_once('C:\\xampp\\htdocs...')
#9 {main}
CRITICAL - 2020-04-18 05:31:42 --> Too few arguments to function App\Models\Product::App\Models\{closure}(), 1 passed and exactly 2 expected
#0 [internal function]: App\Models\Product->App\Models\{closure}('s')
#1 C:\xampp\htdocs\medihealth\app\Models\Product.php(18): array_map(Object(Closure), Array)
#2 C:\xampp\htdocs\medihealth\app\Controllers\Web.php(18): App\Models\Product->findLike(Array)
#3 C:\xampp\htdocs\medihealth\vendor\codeigniter4\framework\system\CodeIgniter.php(910): App\Controllers\Web->home()
#4 C:\xampp\htdocs\medihealth\vendor\codeigniter4\framework\system\CodeIgniter.php(398): CodeIgniter\CodeIgniter->runController(Object(App\Controllers\Web))
#5 C:\xampp\htdocs\medihealth\vendor\codeigniter4\framework\system\CodeIgniter.php(306): CodeIgniter\CodeIgniter->handleRequest(NULL, Object(Config\Cache), false)
#6 C:\xampp\htdocs\medihealth\public\index.php(45): CodeIgniter\CodeIgniter->run()
#7 C:\xampp\htdocs\medihealth\vendor\codeigniter4\framework\system\Commands\Server\rewrite.php(34): require_once('C:\\xampp\\htdocs...')
#8 {main}
CRITICAL - 2020-04-18 11:38:54 --> explode() expects parameter 2 to be string, array given
#0 [internal function]: CodeIgniter\Debug\Exceptions->errorHandler(2, 'explode() expec...', 'C:\\xampp\\htdocs...', 24, Array)
#1 C:\xampp\htdocs\medihealth\app\Models\Product.php(24): explode(', ', Array)
#2 C:\xampp\htdocs\medihealth\app\Controllers\Web.php(18): App\Models\Product->findLike(Array)
#3 C:\xampp\htdocs\medihealth\vendor\codeigniter4\framework\system\CodeIgniter.php(910): App\Controllers\Web->home()
#4 C:\xampp\htdocs\medihealth\vendor\codeigniter4\framework\system\CodeIgniter.php(398): CodeIgniter\CodeIgniter->runController(Object(App\Controllers\Web))
#5 C:\xampp\htdocs\medihealth\vendor\codeigniter4\framework\system\CodeIgniter.php(306): CodeIgniter\CodeIgniter->handleRequest(NULL, Object(Config\Cache), false)
#6 C:\xampp\htdocs\medihealth\public\index.php(45): CodeIgniter\CodeIgniter->run()
#7 C:\xampp\htdocs\medihealth\vendor\codeigniter4\framework\system\Commands\Server\rewrite.php(34): require_once('C:\\xampp\\htdocs...')
#8 {main}
CRITICAL - 2020-04-18 11:40:21 --> A non-numeric value encountered
#0 C:\xampp\htdocs\medihealth\app\Models\Product.php(24): CodeIgniter\Debug\Exceptions->errorHandler(2, 'A non-numeric v...', 'C:\\xampp\\htdocs...', 24, Array)
#1 C:\xampp\htdocs\medihealth\app\Controllers\Web.php(18): App\Models\Product->findLike(Array)
#2 C:\xampp\htdocs\medihealth\vendor\codeigniter4\framework\system\CodeIgniter.php(910): App\Controllers\Web->home()
#3 C:\xampp\htdocs\medihealth\vendor\codeigniter4\framework\system\CodeIgniter.php(398): CodeIgniter\CodeIgniter->runController(Object(App\Controllers\Web))
#4 C:\xampp\htdocs\medihealth\vendor\codeigniter4\framework\system\CodeIgniter.php(306): CodeIgniter\CodeIgniter->handleRequest(NULL, Object(Config\Cache), false)
#5 C:\xampp\htdocs\medihealth\public\index.php(45): CodeIgniter\CodeIgniter->run()
#6 C:\xampp\htdocs\medihealth\vendor\codeigniter4\framework\system\Commands\Server\rewrite.php(34): require_once('C:\\xampp\\htdocs...')
#7 {main}
CRITICAL - 2020-04-18 11:41:02 --> Undefined variable: where
#0 C:\xampp\htdocs\medihealth\app\Models\Product.php(20): CodeIgniter\Debug\Exceptions->errorHandler(8, 'Undefined varia...', 'C:\\xampp\\htdocs...', 20, Array)
#1 C:\xampp\htdocs\medihealth\app\Controllers\Web.php(18): App\Models\Product->findLike(NULL)
#2 C:\xampp\htdocs\medihealth\vendor\codeigniter4\framework\system\CodeIgniter.php(910): App\Controllers\Web->home()
#3 C:\xampp\htdocs\medihealth\vendor\codeigniter4\framework\system\CodeIgniter.php(398): CodeIgniter\CodeIgniter->runController(Object(App\Controllers\Web))
#4 C:\xampp\htdocs\medihealth\vendor\codeigniter4\framework\system\CodeIgniter.php(306): CodeIgniter\CodeIgniter->handleRequest(NULL, Object(Config\Cache), false)
#5 C:\xampp\htdocs\medihealth\public\index.php(45): CodeIgniter\CodeIgniter->run()
#6 C:\xampp\htdocs\medihealth\vendor\codeigniter4\framework\system\Commands\Server\rewrite.php(34): require_once('C:\\xampp\\htdocs...')
#7 {main}
CRITICAL - 2020-04-18 11:49:14 --> Unknown column 'product_id' in 'field list'
#0 C:\xampp\htdocs\medihealth\vendor\codeigniter4\framework\system\Database\MySQLi\Connection.php(330): mysqli->query('INSERT INTO `ca...')
#1 C:\xampp\htdocs\medihealth\vendor\codeigniter4\framework\system\Database\BaseConnection.php(738): CodeIgniter\Database\MySQLi\Connection->execute('INSERT INTO `ca...')
#2 C:\xampp\htdocs\medihealth\vendor\codeigniter4\framework\system\Database\BaseConnection.php(666): CodeIgniter\Database\BaseConnection->simpleQuery('INSERT INTO `ca...')
#3 C:\xampp\htdocs\medihealth\vendor\codeigniter4\framework\system\Database\BaseBuilder.php(2206): CodeIgniter\Database\BaseConnection->query('INSERT INTO `ca...', Array, false)
#4 C:\xampp\htdocs\medihealth\app\Models\Cart.php(23): CodeIgniter\Database\BaseBuilder->insert(Array)
#5 C:\xampp\htdocs\medihealth\app\Controllers\Cart.php(26): App\Models\Cart->create(Array)
#6 C:\xampp\htdocs\medihealth\vendor\codeigniter4\framework\system\CodeIgniter.php(910): App\Controllers\Cart->add('2')
#7 C:\xampp\htdocs\medihealth\vendor\codeigniter4\framework\system\CodeIgniter.php(398): CodeIgniter\CodeIgniter->runController(Object(App\Controllers\Cart))
#8 C:\xampp\htdocs\medihealth\vendor\codeigniter4\framework\system\CodeIgniter.php(306): CodeIgniter\CodeIgniter->handleRequest(NULL, Object(Config\Cache), false)
#9 C:\xampp\htdocs\medihealth\public\index.php(45): CodeIgniter\CodeIgniter->run()
#10 C:\xampp\htdocs\medihealth\vendor\codeigniter4\framework\system\Commands\Server\rewrite.php(34): require_once('C:\\xampp\\htdocs...')
#11 {main}
CRITICAL - 2020-04-18 11:54:02 --> You must use the "set" method to update an entry.
#0 C:\xampp\htdocs\medihealth\vendor\codeigniter4\framework\system\Database\BaseBuilder.php(2191): CodeIgniter\Database\BaseBuilder->validateInsert()
#1 C:\xampp\htdocs\medihealth\app\Models\Product.php(37): CodeIgniter\Database\BaseBuilder->insert(Array)
#2 C:\xampp\htdocs\medihealth\app\Controllers\Product.php(20): App\Models\Product->create(Array)
#3 C:\xampp\htdocs\medihealth\vendor\codeigniter4\framework\system\CodeIgniter.php(910): App\Controllers\Product->create()
#4 C:\xampp\htdocs\medihealth\vendor\codeigniter4\framework\system\CodeIgniter.php(398): CodeIgniter\CodeIgniter->runController(Object(App\Controllers\Product))
#5 C:\xampp\htdocs\medihealth\vendor\codeigniter4\framework\system\CodeIgniter.php(306): CodeIgniter\CodeIgniter->handleRequest(NULL, Object(Config\Cache), false)
#6 C:\xampp\htdocs\medihealth\public\index.php(45): CodeIgniter\CodeIgniter->run()
#7 C:\xampp\htdocs\medihealth\vendor\codeigniter4\framework\system\Commands\Server\rewrite.php(34): require_once('C:\\xampp\\htdocs...')
#8 {main}
CRITICAL - 2020-04-18 11:54:09 --> You must use the "set" method to update an entry.
#0 C:\xampp\htdocs\medihealth\vendor\codeigniter4\framework\system\Database\BaseBuilder.php(2191): CodeIgniter\Database\BaseBuilder->validateInsert()
#1 C:\xampp\htdocs\medihealth\app\Models\Product.php(37): CodeIgniter\Database\BaseBuilder->insert(Array)
#2 C:\xampp\htdocs\medihealth\app\Controllers\Product.php(20): App\Models\Product->create(Array)
#3 C:\xampp\htdocs\medihealth\vendor\codeigniter4\framework\system\CodeIgniter.php(910): App\Controllers\Product->create()
#4 C:\xampp\htdocs\medihealth\vendor\codeigniter4\framework\system\CodeIgniter.php(398): CodeIgniter\CodeIgniter->runController(Object(App\Controllers\Product))
#5 C:\xampp\htdocs\medihealth\vendor\codeigniter4\framework\system\CodeIgniter.php(306): CodeIgniter\CodeIgniter->handleRequest(NULL, Object(Config\Cache), false)
#6 C:\xampp\htdocs\medihealth\public\index.php(45): CodeIgniter\CodeIgniter->run()
#7 C:\xampp\htdocs\medihealth\vendor\codeigniter4\framework\system\Commands\Server\rewrite.php(34): require_once('C:\\xampp\\htdocs...')
#8 {main}
CRITICAL - 2020-04-18 12:19:05 --> Undefined variable: product
#0 C:\xampp\htdocs\medihealth\app\Views\content\cart\index.php(10): CodeIgniter\Debug\Exceptions->errorHandler(8, 'Undefined varia...', 'C:\\xampp\\htdocs...', 10, Array)
#1 C:\xampp\htdocs\medihealth\vendor\codeigniter4\framework\system\View\View.php(236): include('C:\\xampp\\htdocs...')
#2 C:\xampp\htdocs\medihealth\vendor\codeigniter4\framework\system\Common.php(1071): CodeIgniter\View\View->render('content/cart/in...', Array, true)
#3 C:\xampp\htdocs\medihealth\app\Controllers\Web.php(70): view('content/cart/in...', Array)
#4 C:\xampp\htdocs\medihealth\vendor\codeigniter4\framework\system\CodeIgniter.php(910): App\Controllers\Web->cart()
#5 C:\xampp\htdocs\medihealth\vendor\codeigniter4\framework\system\CodeIgniter.php(398): CodeIgniter\CodeIgniter->runController(Object(App\Controllers\Web))
#6 C:\xampp\htdocs\medihealth\vendor\codeigniter4\framework\system\CodeIgniter.php(306): CodeIgniter\CodeIgniter->handleRequest(NULL, Object(Config\Cache), false)
#7 C:\xampp\htdocs\medihealth\public\index.php(45): CodeIgniter\CodeIgniter->run()
#8 C:\xampp\htdocs\medihealth\vendor\codeigniter4\framework\system\Commands\Server\rewrite.php(34): require_once('C:\\xampp\\htdocs...')
#9 {main}
CRITICAL - 2020-04-18 12:34:48 --> Call to undefined method CodeIgniter\Database\MySQLi\Result::join()
#0 C:\xampp\htdocs\medihealth\app\Controllers\Web.php(69): App\Models\Cart->find(Array)
#1 C:\xampp\htdocs\medihealth\vendor\codeigniter4\framework\system\CodeIgniter.php(910): App\Controllers\Web->cart()
#2 C:\xampp\htdocs\medihealth\vendor\codeigniter4\framework\system\CodeIgniter.php(398): CodeIgniter\CodeIgniter->runController(Object(App\Controllers\Web))
#3 C:\xampp\htdocs\medihealth\vendor\codeigniter4\framework\system\CodeIgniter.php(306): CodeIgniter\CodeIgniter->handleRequest(NULL, Object(Config\Cache), false)
#4 C:\xampp\htdocs\medihealth\public\index.php(45): CodeIgniter\CodeIgniter->run()
#5 C:\xampp\htdocs\medihealth\vendor\codeigniter4\framework\system\Commands\Server\rewrite.php(34): require_once('C:\\xampp\\htdocs...')
#6 {main}
CRITICAL - 2020-04-18 12:38:23 --> Call to undefined method CodeIgniter\Database\MySQLi\Builder::getResultArray()
#0 C:\xampp\htdocs\medihealth\app\Controllers\Web.php(69): App\Models\Cart->find(Array)
#1 C:\xampp\htdocs\medihealth\vendor\codeigniter4\framework\system\CodeIgniter.php(910): App\Controllers\Web->cart()
#2 C:\xampp\htdocs\medihealth\vendor\codeigniter4\framework\system\CodeIgniter.php(398): CodeIgniter\CodeIgniter->runController(Object(App\Controllers\Web))
#3 C:\xampp\htdocs\medihealth\vendor\codeigniter4\framework\system\CodeIgniter.php(306): CodeIgniter\CodeIgniter->handleRequest(NULL, Object(Config\Cache), false)
#4 C:\xampp\htdocs\medihealth\public\index.php(45): CodeIgniter\CodeIgniter->run()
#5 C:\xampp\htdocs\medihealth\vendor\codeigniter4\framework\system\Commands\Server\rewrite.php(34): require_once('C:\\xampp\\htdocs...')
#6 {main}
CRITICAL - 2020-04-18 12:39:11 --> Call to undefined method CodeIgniter\Database\MySQLi\Builder::getResult()
#0 C:\xampp\htdocs\medihealth\app\Controllers\Web.php(69): App\Models\Cart->find(Array)
#1 C:\xampp\htdocs\medihealth\vendor\codeigniter4\framework\system\CodeIgniter.php(910): App\Controllers\Web->cart()
#2 C:\xampp\htdocs\medihealth\vendor\codeigniter4\framework\system\CodeIgniter.php(398): CodeIgniter\CodeIgniter->runController(Object(App\Controllers\Web))
#3 C:\xampp\htdocs\medihealth\vendor\codeigniter4\framework\system\CodeIgniter.php(306): CodeIgniter\CodeIgniter->handleRequest(NULL, Object(Config\Cache), false)
#4 C:\xampp\htdocs\medihealth\public\index.php(45): CodeIgniter\CodeIgniter->run()
#5 C:\xampp\htdocs\medihealth\vendor\codeigniter4\framework\system\Commands\Server\rewrite.php(34): require_once('C:\\xampp\\htdocs...')
#6 {main}
CRITICAL - 2020-04-18 12:39:17 --> Call to undefined method CodeIgniter\Database\MySQLi\Builder::getResultArray()
#0 C:\xampp\htdocs\medihealth\app\Controllers\Web.php(69): App\Models\Cart->find(Array)
#1 C:\xampp\htdocs\medihealth\vendor\codeigniter4\framework\system\CodeIgniter.php(910): App\Controllers\Web->cart()
#2 C:\xampp\htdocs\medihealth\vendor\codeigniter4\framework\system\CodeIgniter.php(398): CodeIgniter\CodeIgniter->runController(Object(App\Controllers\Web))
#3 C:\xampp\htdocs\medihealth\vendor\codeigniter4\framework\system\CodeIgniter.php(306): CodeIgniter\CodeIgniter->handleRequest(NULL, Object(Config\Cache), false)
#4 C:\xampp\htdocs\medihealth\public\index.php(45): CodeIgniter\CodeIgniter->run()
#5 C:\xampp\htdocs\medihealth\vendor\codeigniter4\framework\system\Commands\Server\rewrite.php(34): require_once('C:\\xampp\\htdocs...')
#6 {main}
CRITICAL - 2020-04-18 12:45:38 --> Trying to get property 'name' of non-object
#0 C:\xampp\htdocs\medihealth\app\Views\content\cart\index.php(21): CodeIgniter\Debug\Exceptions->errorHandler(8, 'Trying to get p...', 'C:\\xampp\\htdocs...', 21, Array)
#1 C:\xampp\htdocs\medihealth\vendor\codeigniter4\framework\system\View\View.php(236): include('C:\\xampp\\htdocs...')
#2 C:\xampp\htdocs\medihealth\vendor\codeigniter4\framework\system\Common.php(1071): CodeIgniter\View\View->render('content/cart/in...', Array, true)
#3 C:\xampp\htdocs\medihealth\app\Controllers\Web.php(70): view('content/cart/in...', Array)
#4 C:\xampp\htdocs\medihealth\vendor\codeigniter4\framework\system\CodeIgniter.php(910): App\Controllers\Web->cart()
#5 C:\xampp\htdocs\medihealth\vendor\codeigniter4\framework\system\CodeIgniter.php(398): CodeIgniter\CodeIgniter->runController(Object(App\Controllers\Web))
#6 C:\xampp\htdocs\medihealth\vendor\codeigniter4\framework\system\CodeIgniter.php(306): CodeIgniter\CodeIgniter->handleRequest(NULL, Object(Config\Cache), false)
#7 C:\xampp\htdocs\medihealth\public\index.php(45): CodeIgniter\CodeIgniter->run()
#8 C:\xampp\htdocs\medihealth\vendor\codeigniter4\framework\system\Commands\Server\rewrite.php(34): require_once('C:\\xampp\\htdocs...')
#9 {main}
CRITICAL - 2020-04-18 12:46:56 --> Call to undefined method CodeIgniter\Database\MySQLi\Connection::select()
#0 C:\xampp\htdocs\medihealth\app\Controllers\Web.php(69): App\Models\Cart->find(Array)
#1 C:\xampp\htdocs\medihealth\vendor\codeigniter4\framework\system\CodeIgniter.php(910): App\Controllers\Web->cart()
#2 C:\xampp\htdocs\medihealth\vendor\codeigniter4\framework\system\CodeIgniter.php(398): CodeIgniter\CodeIgniter->runController(Object(App\Controllers\Web))
#3 C:\xampp\htdocs\medihealth\vendor\codeigniter4\framework\system\CodeIgniter.php(306): CodeIgniter\CodeIgniter->handleRequest(NULL, Object(Config\Cache), false)
#4 C:\xampp\htdocs\medihealth\public\index.php(45): CodeIgniter\CodeIgniter->run()
#5 C:\xampp\htdocs\medihealth\vendor\codeigniter4\framework\system\Commands\Server\rewrite.php(34): require_once('C:\\xampp\\htdocs...')
#6 {main}
CRITICAL - 2020-04-18 12:47:38 --> Undefined index: qty
#0 C:\xampp\htdocs\medihealth\app\Views\content\cart\index.php(22): CodeIgniter\Debug\Exceptions->errorHandler(8, 'Undefined index...', 'C:\\xampp\\htdocs...', 22, Array)
#1 C:\xampp\htdocs\medihealth\vendor\codeigniter4\framework\system\View\View.php(236): include('C:\\xampp\\htdocs...')
#2 C:\xampp\htdocs\medihealth\vendor\codeigniter4\framework\system\Common.php(1071): CodeIgniter\View\View->render('content/cart/in...', Array, true)
#3 C:\xampp\htdocs\medihealth\app\Controllers\Web.php(70): view('content/cart/in...', Array)
#4 C:\xampp\htdocs\medihealth\vendor\codeigniter4\framework\system\CodeIgniter.php(910): App\Controllers\Web->cart()
#5 C:\xampp\htdocs\medihealth\vendor\codeigniter4\framework\system\CodeIgniter.php(398): CodeIgniter\CodeIgniter->runController(Object(App\Controllers\Web))
#6 C:\xampp\htdocs\medihealth\vendor\codeigniter4\framework\system\CodeIgniter.php(306): CodeIgniter\CodeIgniter->handleRequest(NULL, Object(Config\Cache), false)
#7 C:\xampp\htdocs\medihealth\public\index.php(45): CodeIgniter\CodeIgniter->run()
#8 C:\xampp\htdocs\medihealth\vendor\codeigniter4\framework\system\Commands\Server\rewrite.php(34): require_once('C:\\xampp\\htdocs...')
#9 {main}
CRITICAL - 2020-04-18 12:47:56 --> Undefined index: name
#0 C:\xampp\htdocs\medihealth\app\Views\content\cart\index.php(21): CodeIgniter\Debug\Exceptions->errorHandler(8, 'Undefined index...', 'C:\\xampp\\htdocs...', 21, Array)
#1 C:\xampp\htdocs\medihealth\vendor\codeigniter4\framework\system\View\View.php(236): include('C:\\xampp\\htdocs...')
#2 C:\xampp\htdocs\medihealth\vendor\codeigniter4\framework\system\Common.php(1071): CodeIgniter\View\View->render('content/cart/in...', Array, true)
#3 C:\xampp\htdocs\medihealth\app\Controllers\Web.php(70): view('content/cart/in...', Array)
#4 C:\xampp\htdocs\medihealth\vendor\codeigniter4\framework\system\CodeIgniter.php(910): App\Controllers\Web->cart()
#5 C:\xampp\htdocs\medihealth\vendor\codeigniter4\framework\system\CodeIgniter.php(398): CodeIgniter\CodeIgniter->runController(Object(App\Controllers\Web))
#6 C:\xampp\htdocs\medihealth\vendor\codeigniter4\framework\system\CodeIgniter.php(306): CodeIgniter\CodeIgniter->handleRequest(NULL, Object(Config\Cache), false)
#7 C:\xampp\htdocs\medihealth\public\index.php(45): CodeIgniter\CodeIgniter->run()
#8 C:\xampp\htdocs\medihealth\vendor\codeigniter4\framework\system\Commands\Server\rewrite.php(34): require_once('C:\\xampp\\htdocs...')
#9 {main}
CRITICAL - 2020-04-18 12:48:47 --> Undefined index: qty
#0 C:\xampp\htdocs\medihealth\app\Views\content\cart\index.php(22): CodeIgniter\Debug\Exceptions->errorHandler(8, 'Undefined index...', 'C:\\xampp\\htdocs...', 22, Array)
#1 C:\xampp\htdocs\medihealth\vendor\codeigniter4\framework\system\View\View.php(236): include('C:\\xampp\\htdocs...')
#2 C:\xampp\htdocs\medihealth\vendor\codeigniter4\framework\system\Common.php(1071): CodeIgniter\View\View->render('content/cart/in...', Array, true)
#3 C:\xampp\htdocs\medihealth\app\Controllers\Web.php(70): view('content/cart/in...', Array)
#4 C:\xampp\htdocs\medihealth\vendor\codeigniter4\framework\system\CodeIgniter.php(910): App\Controllers\Web->cart()
#5 C:\xampp\htdocs\medihealth\vendor\codeigniter4\framework\system\CodeIgniter.php(398): CodeIgniter\CodeIgniter->runController(Object(App\Controllers\Web))
#6 C:\xampp\htdocs\medihealth\vendor\codeigniter4\framework\system\CodeIgniter.php(306): CodeIgniter\CodeIgniter->handleRequest(NULL, Object(Config\Cache), false)
#7 C:\xampp\htdocs\medihealth\public\index.php(45): CodeIgniter\CodeIgniter->run()
#8 C:\xampp\htdocs\medihealth\vendor\codeigniter4\framework\system\Commands\Server\rewrite.php(34): require_once('C:\\xampp\\htdocs...')
#9 {main}
CRITICAL - 2020-04-18 13:26:09 --> syntax error, unexpected '?>'
#0 C:\xampp\htdocs\medihealth\vendor\codeigniter4\framework\system\Common.php(1071): CodeIgniter\View\View->render('content/cart/in...', Array, true)
#1 C:\xampp\htdocs\medihealth\app\Controllers\Web.php(70): view('content/cart/in...', Array)
#2 C:\xampp\htdocs\medihealth\vendor\codeigniter4\framework\system\CodeIgniter.php(910): App\Controllers\Web->cart()
#3 C:\xampp\htdocs\medihealth\vendor\codeigniter4\framework\system\CodeIgniter.php(398): CodeIgniter\CodeIgniter->runController(Object(App\Controllers\Web))
#4 C:\xampp\htdocs\medihealth\vendor\codeigniter4\framework\system\CodeIgniter.php(306): CodeIgniter\CodeIgniter->handleRequest(NULL, Object(Config\Cache), false)
#5 C:\xampp\htdocs\medihealth\public\index.php(45): CodeIgniter\CodeIgniter->run()
#6 C:\xampp\htdocs\medihealth\vendor\codeigniter4\framework\system\Commands\Server\rewrite.php(34): require_once('C:\\xampp\\htdocs...')
#7 {main}
CRITICAL - 2020-04-18 13:36:38 --> Invalid file: content/profile/index.php
#0 C:\xampp\htdocs\medihealth\vendor\codeigniter4\framework\system\View\View.php(224): CodeIgniter\Exceptions\FrameworkException::forInvalidFile('content/profile...')
#1 C:\xampp\htdocs\medihealth\vendor\codeigniter4\framework\system\Common.php(1071): CodeIgniter\View\View->render('content/profile...', Array, true)
#2 C:\xampp\htdocs\medihealth\app\Controllers\Web.php(45): view('content/profile...')
#3 C:\xampp\htdocs\medihealth\vendor\codeigniter4\framework\system\CodeIgniter.php(910): App\Controllers\Web->profile()
#4 C:\xampp\htdocs\medihealth\vendor\codeigniter4\framework\system\CodeIgniter.php(398): CodeIgniter\CodeIgniter->runController(Object(App\Controllers\Web))
#5 C:\xampp\htdocs\medihealth\vendor\codeigniter4\framework\system\CodeIgniter.php(306): CodeIgniter\CodeIgniter->handleRequest(NULL, Object(Config\Cache), false)
#6 C:\xampp\htdocs\medihealth\public\index.php(45): CodeIgniter\CodeIgniter->run()
#7 C:\xampp\htdocs\medihealth\vendor\codeigniter4\framework\system\Commands\Server\rewrite.php(34): require_once('C:\\xampp\\htdocs...')
#8 {main}
CRITICAL - 2020-04-18 13:39:43 --> syntax error, unexpected '?>'
#0 C:\xampp\htdocs\medihealth\vendor\codeigniter4\framework\system\Common.php(1071): CodeIgniter\View\View->render('content/profile...', Array, true)
#1 C:\xampp\htdocs\medihealth\app\Controllers\Web.php(45): view('content/profile...')
#2 C:\xampp\htdocs\medihealth\vendor\codeigniter4\framework\system\CodeIgniter.php(910): App\Controllers\Web->profile()
#3 C:\xampp\htdocs\medihealth\vendor\codeigniter4\framework\system\CodeIgniter.php(398): CodeIgniter\CodeIgniter->runController(Object(App\Controllers\Web))
#4 C:\xampp\htdocs\medihealth\vendor\codeigniter4\framework\system\CodeIgniter.php(306): CodeIgniter\CodeIgniter->handleRequest(NULL, Object(Config\Cache), false)
#5 C:\xampp\htdocs\medihealth\public\index.php(45): CodeIgniter\CodeIgniter->run()
#6 C:\xampp\htdocs\medihealth\vendor\codeigniter4\framework\system\Commands\Server\rewrite.php(34): require_once('C:\\xampp\\htdocs...')
#7 {main}
CRITICAL - 2020-04-18 14:14:57 --> Call to undefined function is_admin()
#0 C:\xampp\htdocs\medihealth\vendor\codeigniter4\framework\system\View\View.php(236): include()
#1 C:\xampp\htdocs\medihealth\vendor\codeigniter4\framework\system\Common.php(1071): CodeIgniter\View\View->render('component/navba...', Array, true)
#2 C:\xampp\htdocs\medihealth\app\Views\content\index.php(2): view('component/navba...')
#3 C:\xampp\htdocs\medihealth\vendor\codeigniter4\framework\system\View\View.php(236): include('C:\\xampp\\htdocs...')
#4 C:\xampp\htdocs\medihealth\vendor\codeigniter4\framework\system\Common.php(1071): CodeIgniter\View\View->render('content/index', Array, true)
#5 C:\xampp\htdocs\medihealth\app\Controllers\Web.php(22): view('content/index', Array)
#6 C:\xampp\htdocs\medihealth\vendor\codeigniter4\framework\system\CodeIgniter.php(910): App\Controllers\Web->home()
#7 C:\xampp\htdocs\medihealth\vendor\codeigniter4\framework\system\CodeIgniter.php(398): CodeIgniter\CodeIgniter->runController(Object(App\Controllers\Web))
#8 C:\xampp\htdocs\medihealth\vendor\codeigniter4\framework\system\CodeIgniter.php(306): CodeIgniter\CodeIgniter->handleRequest(NULL, Object(Config\Cache), false)
#9 C:\xampp\htdocs\medihealth\public\index.php(45): CodeIgniter\CodeIgniter->run()
#10 C:\xampp\htdocs\medihealth\vendor\codeigniter4\framework\system\Commands\Server\rewrite.php(34): require_once('C:\\xampp\\htdocs...')
#11 {main}
CRITICAL - 2020-04-18 15:14:27 --> Undefined property: App\Controllers\Web::$transaction
#0 C:\xampp\htdocs\medihealth\app\Controllers\Web.php(78): CodeIgniter\Debug\Exceptions->errorHandler(8, 'Undefined prope...', 'C:\\xampp\\htdocs...', 78, Array)
#1 C:\xampp\htdocs\medihealth\vendor\codeigniter4\framework\system\CodeIgniter.php(910): App\Controllers\Web->transaction()
#2 C:\xampp\htdocs\medihealth\vendor\codeigniter4\framework\system\CodeIgniter.php(398): CodeIgniter\CodeIgniter->runController(Object(App\Controllers\Web))
#3 C:\xampp\htdocs\medihealth\vendor\codeigniter4\framework\system\CodeIgniter.php(306): CodeIgniter\CodeIgniter->handleRequest(NULL, Object(Config\Cache), false)
#4 C:\xampp\htdocs\medihealth\public\index.php(45): CodeIgniter\CodeIgniter->run()
#5 C:\xampp\htdocs\medihealth\vendor\codeigniter4\framework\system\Commands\Server\rewrite.php(34): require_once('C:\\xampp\\htdocs...')
#6 {main}
CRITICAL - 2020-04-18 15:15:04 --> Column 'user_id' in where clause is ambiguous
#0 C:\xampp\htdocs\medihealth\vendor\codeigniter4\framework\system\Database\MySQLi\Connection.php(330): mysqli->query('SELECT `product...')
#1 C:\xampp\htdocs\medihealth\vendor\codeigniter4\framework\system\Database\BaseConnection.php(738): CodeIgniter\Database\MySQLi\Connection->execute('SELECT `product...')
#2 C:\xampp\htdocs\medihealth\vendor\codeigniter4\framework\system\Database\BaseConnection.php(666): CodeIgniter\Database\BaseConnection->simpleQuery('SELECT `product...')
#3 C:\xampp\htdocs\medihealth\vendor\codeigniter4\framework\system\Database\BaseBuilder.php(1819): CodeIgniter\Database\BaseConnection->query('SELECT `product...', Array, false)
#4 C:\xampp\htdocs\medihealth\app\Models\Transaction.php(18): CodeIgniter\Database\BaseBuilder->get()
#5 C:\xampp\htdocs\medihealth\app\Controllers\Web.php(80): App\Models\Transaction->find(Array)
#6 C:\xampp\htdocs\medihealth\vendor\codeigniter4\framework\system\CodeIgniter.php(910): App\Controllers\Web->transaction()
#7 C:\xampp\htdocs\medihealth\vendor\codeigniter4\framework\system\CodeIgniter.php(398): CodeIgniter\CodeIgniter->runController(Object(App\Controllers\Web))
#8 C:\xampp\htdocs\medihealth\vendor\codeigniter4\framework\system\CodeIgniter.php(306): CodeIgniter\CodeIgniter->handleRequest(NULL, Object(Config\Cache), false)
#9 C:\xampp\htdocs\medihealth\public\index.php(45): CodeIgniter\CodeIgniter->run()
#10 C:\xampp\htdocs\medihealth\vendor\codeigniter4\framework\system\Commands\Server\rewrite.php(34): require_once('C:\\xampp\\htdocs...')
#11 {main}
CRITICAL - 2020-04-18 15:15:26 --> Invalid file: content/transaction/index.php
#0 C:\xampp\htdocs\medihealth\vendor\codeigniter4\framework\system\View\View.php(224): CodeIgniter\Exceptions\FrameworkException::forInvalidFile('content/transac...')
#1 C:\xampp\htdocs\medihealth\vendor\codeigniter4\framework\system\Common.php(1071): CodeIgniter\View\View->render('content/transac...', Array, true)
#2 C:\xampp\htdocs\medihealth\app\Controllers\Web.php(81): view('content/transac...', Array)
#3 C:\xampp\htdocs\medihealth\vendor\codeigniter4\framework\system\CodeIgniter.php(910): App\Controllers\Web->transaction()
#4 C:\xampp\htdocs\medihealth\vendor\codeigniter4\framework\system\CodeIgniter.php(398): CodeIgniter\CodeIgniter->runController(Object(App\Controllers\Web))
#5 C:\xampp\htdocs\medihealth\vendor\codeigniter4\framework\system\CodeIgniter.php(306): CodeIgniter\CodeIgniter->handleRequest(NULL, Object(Config\Cache), false)
#6 C:\xampp\htdocs\medihealth\public\index.php(45): CodeIgniter\CodeIgniter->run()
#7 C:\xampp\htdocs\medihealth\vendor\codeigniter4\framework\system\Commands\Server\rewrite.php(34): require_once('C:\\xampp\\htdocs...')
#8 {main}
CRITICAL - 2020-04-18 15:17:20 --> Undefined variable: carts
#0 C:\xampp\htdocs\medihealth\app\Views\content\transaction\index.php(22): CodeIgniter\Debug\Exceptions->errorHandler(8, 'Undefined varia...', 'C:\\xampp\\htdocs...', 22, Array)
#1 C:\xampp\htdocs\medihealth\vendor\codeigniter4\framework\system\View\View.php(236): include('C:\\xampp\\htdocs...')
#2 C:\xampp\htdocs\medihealth\vendor\codeigniter4\framework\system\Common.php(1071): CodeIgniter\View\View->render('content/transac...', Array, true)
#3 C:\xampp\htdocs\medihealth\app\Controllers\Web.php(81): view('content/transac...', Array)
#4 C:\xampp\htdocs\medihealth\vendor\codeigniter4\framework\system\CodeIgniter.php(910): App\Controllers\Web->transaction()
#5 C:\xampp\htdocs\medihealth\vendor\codeigniter4\framework\system\CodeIgniter.php(398): CodeIgniter\CodeIgniter->runController(Object(App\Controllers\Web))
#6 C:\xampp\htdocs\medihealth\vendor\codeigniter4\framework\system\CodeIgniter.php(306): CodeIgniter\CodeIgniter->handleRequest(NULL, Object(Config\Cache), false)
#7 C:\xampp\htdocs\medihealth\public\index.php(45): CodeIgniter\CodeIgniter->run()
#8 C:\xampp\htdocs\medihealth\vendor\codeigniter4\framework\system\Commands\Server\rewrite.php(34): require_once('C:\\xampp\\htdocs...')
#9 {main}
CRITICAL - 2020-04-18 15:20:25 --> Undefined variable: carts
#0 C:\xampp\htdocs\medihealth\app\Views\content\transaction\index.php(22): CodeIgniter\Debug\Exceptions->errorHandler(8, 'Undefined varia...', 'C:\\xampp\\htdocs...', 22, Array)
#1 C:\xampp\htdocs\medihealth\vendor\codeigniter4\framework\system\View\View.php(236): include('C:\\xampp\\htdocs...')
#2 C:\xampp\htdocs\medihealth\vendor\codeigniter4\framework\system\Common.php(1071): CodeIgniter\View\View->render('content/transac...', Array, true)
#3 C:\xampp\htdocs\medihealth\app\Controllers\Web.php(81): view('content/transac...', Array)
#4 C:\xampp\htdocs\medihealth\vendor\codeigniter4\framework\system\CodeIgniter.php(910): App\Controllers\Web->transaction()
#5 C:\xampp\htdocs\medihealth\vendor\codeigniter4\framework\system\CodeIgniter.php(398): CodeIgniter\CodeIgniter->runController(Object(App\Controllers\Web))
#6 C:\xampp\htdocs\medihealth\vendor\codeigniter4\framework\system\CodeIgniter.php(306): CodeIgniter\CodeIgniter->handleRequest(NULL, Object(Config\Cache), false)
#7 C:\xampp\htdocs\medihealth\public\index.php(45): CodeIgniter\CodeIgniter->run()
#8 C:\xampp\htdocs\medihealth\vendor\codeigniter4\framework\system\Commands\Server\rewrite.php(34): require_once('C:\\xampp\\htdocs...')
#9 {main}
CRITICAL - 2020-04-18 15:20:31 --> Undefined variable: total
#0 C:\xampp\htdocs\medihealth\app\Views\content\transaction\index.php(23): CodeIgniter\Debug\Exceptions->errorHandler(8, 'Undefined varia...', 'C:\\xampp\\htdocs...', 23, Array)
#1 C:\xampp\htdocs\medihealth\vendor\codeigniter4\framework\system\View\View.php(236): include('C:\\xampp\\htdocs...')
#2 C:\xampp\htdocs\medihealth\vendor\codeigniter4\framework\system\Common.php(1071): CodeIgniter\View\View->render('content/transac...', Array, true)
#3 C:\xampp\htdocs\medihealth\app\Controllers\Web.php(81): view('content/transac...', Array)
#4 C:\xampp\htdocs\medihealth\vendor\codeigniter4\framework\system\CodeIgniter.php(910): App\Controllers\Web->transaction()
#5 C:\xampp\htdocs\medihealth\vendor\codeigniter4\framework\system\CodeIgniter.php(398): CodeIgniter\CodeIgniter->runController(Object(App\Controllers\Web))
#6 C:\xampp\htdocs\medihealth\vendor\codeigniter4\framework\system\CodeIgniter.php(306): CodeIgniter\CodeIgniter->handleRequest(NULL, Object(Config\Cache), false)
#7 C:\xampp\htdocs\medihealth\public\index.php(45): CodeIgniter\CodeIgniter->run()
#8 C:\xampp\htdocs\medihealth\vendor\codeigniter4\framework\system\Commands\Server\rewrite.php(34): require_once('C:\\xampp\\htdocs...')
#9 {main}
CRITICAL - 2020-04-18 16:18:10 --> The original file is not a valid file.
#0 C:\xampp\htdocs\medihealth\vendor\codeigniter4\framework\system\HTTP\Files\UploadedFile.php(172): CodeIgniter\HTTP\Exceptions\HTTPException::forInvalidFile()
#1 C:\xampp\htdocs\medihealth\app\Controllers\Product.php(36): CodeIgniter\HTTP\Files\UploadedFile->move('C:\\xampp\\htdocs...', 'banner/2.', true)
#2 C:\xampp\htdocs\medihealth\vendor\codeigniter4\framework\system\CodeIgniter.php(910): App\Controllers\Product->edit('2')
#3 C:\xampp\htdocs\medihealth\vendor\codeigniter4\framework\system\CodeIgniter.php(398): CodeIgniter\CodeIgniter->runController(Object(App\Controllers\Product))
#4 C:\xampp\htdocs\medihealth\vendor\codeigniter4\framework\system\CodeIgniter.php(306): CodeIgniter\CodeIgniter->handleRequest(NULL, Object(Config\Cache), false)
#5 C:\xampp\htdocs\medihealth\public\index.php(45): CodeIgniter\CodeIgniter->run()
#6 {main}
CRITICAL - 2020-04-18 16:21:30 --> The original file is not a valid file.
#0 C:\xampp\htdocs\medihealth\vendor\codeigniter4\framework\system\HTTP\Files\UploadedFile.php(172): CodeIgniter\HTTP\Exceptions\HTTPException::forInvalidFile()
#1 C:\xampp\htdocs\medihealth\app\Controllers\Product.php(37): CodeIgniter\HTTP\Files\UploadedFile->move('C:\\xampp\\htdocs...', 'banner/2.', true)
#2 C:\xampp\htdocs\medihealth\vendor\codeigniter4\framework\system\CodeIgniter.php(910): App\Controllers\Product->edit('2')
#3 C:\xampp\htdocs\medihealth\vendor\codeigniter4\framework\system\CodeIgniter.php(398): CodeIgniter\CodeIgniter->runController(Object(App\Controllers\Product))
#4 C:\xampp\htdocs\medihealth\vendor\codeigniter4\framework\system\CodeIgniter.php(306): CodeIgniter\CodeIgniter->handleRequest(NULL, Object(Config\Cache), false)
#5 C:\xampp\htdocs\medihealth\public\index.php(45): CodeIgniter\CodeIgniter->run()
#6 {main}
